2021-05-10 18:26:49,942 [main] INFO  finalcloj.env - 
-=[finalcloj started successfully using the development profile]=- 
2021-05-10 18:26:50,765 [main] DEBUG org.jboss.logging - Logging Provider: org.jboss.logging.Slf4jLoggerProvider 
2021-05-10 18:26:50,778 [main] INFO  io.undertow - starting server: Undertow - 2.2.7.Final 
2021-05-10 18:26:50,801 [main] INFO  org.xnio - XNIO version 3.8.0.Final 
2021-05-10 18:26:50,949 [main] INFO  org.jboss.threads - JBoss Threads version 3.1.0.Final 
2021-05-10 18:26:50,977 [main] DEBUG io.undertow - Configuring listener with protocol HTTP for interface 0.0.0.0 and port 3000 
2021-05-10 18:26:51,080 [main] INFO  luminus.http-server - server started on port 3000 
2021-05-10 18:26:51,081 [main] INFO  finalcloj.nrepl - starting nREPL server on port 7000 
2021-05-10 18:26:51,111 [main] INFO  finalcloj.core - #'finalcloj.db.core/*db* started 
2021-05-10 18:26:51,112 [main] INFO  finalcloj.core - #'finalcloj.handler/init-app started 
2021-05-10 18:26:51,112 [main] INFO  finalcloj.core - #'finalcloj.handler/app-routes started 
2021-05-10 18:26:51,114 [main] INFO  finalcloj.core - #'finalcloj.core/http-server started 
2021-05-10 18:26:51,114 [main] INFO  finalcloj.core - #'finalcloj.core/repl-server started 
2021-05-10 18:27:42,120 [Thread-4] INFO  finalcloj.nrepl - nREPL server stopped 
2021-05-10 18:27:42,122 [Thread-4] INFO  io.undertow - stopping server: Undertow - 2.2.7.Final 
2021-05-10 18:27:42,129 [Thread-4] INFO  luminus.http-server - HTTP server stopped 
2021-05-10 18:27:42,130 [Thread-4] INFO  finalcloj.env - 
-=[finalcloj has shut down successfully]=- 
2021-05-10 18:27:42,196 [Thread-4] INFO  finalcloj.core - #'finalcloj.core/repl-server stopped 
2021-05-10 18:27:42,196 [Thread-4] INFO  finalcloj.core - #'finalcloj.core/http-server stopped 
2021-05-10 18:27:42,197 [Thread-4] INFO  finalcloj.core - #'finalcloj.handler/init-app stopped 
2021-05-10 18:27:42,197 [Thread-4] INFO  finalcloj.core - #'finalcloj.db.core/*db* stopped 
2021-05-10 18:36:40,510 [main] INFO  finalcloj.env - 
-=[finalcloj started successfully using the development profile]=- 
2021-05-10 18:36:41,329 [main] DEBUG org.jboss.logging - Logging Provider: org.jboss.logging.Slf4jLoggerProvider 
2021-05-10 18:36:41,339 [main] INFO  io.undertow - starting server: Undertow - 2.2.7.Final 
2021-05-10 18:36:41,354 [main] INFO  org.xnio - XNIO version 3.8.0.Final 
2021-05-10 18:36:41,470 [main] INFO  org.jboss.threads - JBoss Threads version 3.1.0.Final 
2021-05-10 18:36:41,499 [main] DEBUG io.undertow - Configuring listener with protocol HTTP for interface 0.0.0.0 and port 3000 
2021-05-10 18:36:41,560 [main] INFO  luminus.http-server - server started on port 3000 
2021-05-10 18:36:41,561 [main] INFO  finalcloj.nrepl - starting nREPL server on port 7000 
2021-05-10 18:36:41,594 [main] INFO  finalcloj.core - #'finalcloj.db.core/*db* started 
2021-05-10 18:36:41,595 [main] INFO  finalcloj.core - #'finalcloj.handler/init-app started 
2021-05-10 18:36:41,595 [main] INFO  finalcloj.core - #'finalcloj.handler/app-routes started 
2021-05-10 18:36:41,595 [main] INFO  finalcloj.core - #'finalcloj.core/http-server started 
2021-05-10 18:36:41,595 [main] INFO  finalcloj.core - #'finalcloj.core/repl-server started 
