2021-05-05 19:14:01,707 [main] INFO  finalcloj.env - 
-=[finalcloj started successfully using the development profile]=- 
2021-05-05 19:14:02,754 [main] DEBUG org.jboss.logging - Logging Provider: org.jboss.logging.Slf4jLoggerProvider 
2021-05-05 19:14:02,884 [main] INFO  io.undertow - starting server: Undertow - 2.2.7.Final 
2021-05-05 19:14:03,035 [main] INFO  org.xnio - XNIO version 3.8.0.Final 
2021-05-05 19:14:03,240 [main] INFO  org.jboss.threads - JBoss Threads version 3.1.0.Final 
2021-05-05 19:14:03,287 [main] DEBUG io.undertow - Configuring listener with protocol HTTP for interface 0.0.0.0 and port 3000 
2021-05-05 19:14:03,363 [main] INFO  io.undertow - stopping server: Undertow - 2.2.7.Final 
2021-05-05 19:14:03,368 [main] ERROR luminus.http-server - server failed to start on port: 3000 
java.lang.RuntimeException: java.net.BindException: Address already in use
	at io.undertow.Undertow.start(Undertow.java:254)
	at ring.adapter.undertow$run_undertow.invokeStatic(undertow.clj:163)
	at ring.adapter.undertow$run_undertow.invoke(undertow.clj:120)
	at luminus.http_server$start.invokeStatic(http_server.clj:13)
	at luminus.http_server$start.invoke(http_server.clj:11)
	at finalcloj.core$eval18236$fn__18237.invoke(core.clj:27)
	at mount.core$record_BANG_.invokeStatic(core.cljc:74)
	at mount.core$record_BANG_.invoke(core.cljc:73)
	at mount.core$up$fn__441.invoke(core.cljc:81)
	at mount.core$up.invokeStatic(core.cljc:80)
	at mount.core$up.invoke(core.cljc:78)
	at mount.core$bring.invokeStatic(core.cljc:247)
	at mount.core$bring.invoke(core.cljc:239)
	at mount.core$start.invokeStatic(core.cljc:289)
	at mount.core$start.doInvoke(core.cljc:281)
	at clojure.lang.RestFn.invoke(RestFn.java:397)
	at mount.core$start_with_args.invokeStatic(core.cljc:389)
	at mount.core$start_with_args.doInvoke(core.cljc:385)
	at clojure.lang.RestFn.invoke(RestFn.java:410)
	at finalcloj.core$start_app.invokeStatic(core.clj:52)
	at finalcloj.core$start_app.invoke(core.clj:51)
	at finalcloj.core$_main.invokeStatic(core.clj:77)
	at finalcloj.core$_main.doInvoke(core.clj:59)
	at clojure.lang.RestFn.invoke(RestFn.java:397)
	at clojure.lang.Var.invoke(Var.java:380)
	at user$eval18454.invokeStatic(form-init4559859128223398405.clj:1)
	at user$eval18454.invoke(form-init4559859128223398405.clj:1)
	at clojure.lang.Compiler.eval(Compiler.java:7181)
	at clojure.lang.Compiler.eval(Compiler.java:7171)
	at clojure.lang.Compiler.load(Compiler.java:7640)
	at clojure.lang.Compiler.loadFile(Compiler.java:7578)
	at clojure.main$load_script.invokeStatic(main.clj:475)
	at clojure.main$init_opt.invokeStatic(main.clj:477)
	at clojure.main$init_opt.invoke(main.clj:477)
	at clojure.main$initialize.invokeStatic(main.clj:508)
	at clojure.main$null_opt.invokeStatic(main.clj:542)
	at clojure.main$null_opt.invoke(main.clj:539)
	at clojure.main$main.invokeStatic(main.clj:664)
	at clojure.main$main.doInvoke(main.clj:616)
	at clojure.lang.RestFn.applyTo(RestFn.java:137)
	at clojure.lang.Var.applyTo(Var.java:705)
	at clojure.main.main(main.java:40)
Caused by: java.net.BindException: Address already in use
	at sun.nio.ch.Net.bind0(Native Method)
	at sun.nio.ch.Net.bind(Net.java:438)
	at sun.nio.ch.Net.bind(Net.java:430)
	at sun.nio.ch.ServerSocketChannelImpl.bind(ServerSocketChannelImpl.java:225)
	at sun.nio.ch.ServerSocketAdaptor.bind(ServerSocketAdaptor.java:74)
	at org.xnio.nio.NioXnioWorker.createTcpConnectionServer(NioXnioWorker.java:178)
	at org.xnio.XnioWorker.createStreamConnectionServer(XnioWorker.java:310)
	at io.undertow.Undertow.start(Undertow.java:196)
	... 41 common frames omitted
2021-05-05 19:14:03,380 [main] INFO  finalcloj.nrepl - starting nREPL server on port 7000 
2021-05-05 19:14:03,381 [main] ERROR finalcloj.nrepl - failed to start nREPL 
java.net.BindException: Address already in use (Bind failed)
	at java.net.PlainSocketImpl.socketBind(Native Method)
	at java.net.AbstractPlainSocketImpl.bind(AbstractPlainSocketImpl.java:513)
	at java.net.ServerSocket.bind(ServerSocket.java:375)
	at java.net.ServerSocket.bind(ServerSocket.java:329)
	at nrepl.server$start_server.invokeStatic(server.clj:169)
	at nrepl.server$start_server.doInvoke(server.clj:136)
	at clojure.lang.RestFn.invoke(RestFn.java:1096)
	at finalcloj.nrepl$start.invokeStatic(nrepl.clj:14)
	at finalcloj.nrepl$start.invoke(nrepl.clj:6)
	at finalcloj.core$eval18252$fn__18253.invoke(core.clj:39)
	at mount.core$record_BANG_.invokeStatic(core.cljc:74)
	at mount.core$record_BANG_.invoke(core.cljc:73)
	at mount.core$up$fn__441.invoke(core.cljc:81)
	at mount.core$up.invokeStatic(core.cljc:80)
	at mount.core$up.invoke(core.cljc:78)
	at mount.core$bring.invokeStatic(core.cljc:247)
	at mount.core$bring.invoke(core.cljc:239)
	at mount.core$start.invokeStatic(core.cljc:289)
	at mount.core$start.doInvoke(core.cljc:281)
	at clojure.lang.RestFn.invoke(RestFn.java:397)
	at mount.core$start_with_args.invokeStatic(core.cljc:389)
	at mount.core$start_with_args.doInvoke(core.cljc:385)
	at clojure.lang.RestFn.invoke(RestFn.java:410)
	at finalcloj.core$start_app.invokeStatic(core.clj:52)
	at finalcloj.core$start_app.invoke(core.clj:51)
	at finalcloj.core$_main.invokeStatic(core.clj:77)
	at finalcloj.core$_main.doInvoke(core.clj:59)
	at clojure.lang.RestFn.invoke(RestFn.java:397)
	at clojure.lang.Var.invoke(Var.java:380)
	at user$eval18454.invokeStatic(form-init4559859128223398405.clj:1)
	at user$eval18454.invoke(form-init4559859128223398405.clj:1)
	at clojure.lang.Compiler.eval(Compiler.java:7181)
	at clojure.lang.Compiler.eval(Compiler.java:7171)
	at clojure.lang.Compiler.load(Compiler.java:7640)
	at clojure.lang.Compiler.loadFile(Compiler.java:7578)
	at clojure.main$load_script.invokeStatic(main.clj:475)
	at clojure.main$init_opt.invokeStatic(main.clj:477)
	at clojure.main$init_opt.invoke(main.clj:477)
	at clojure.main$initialize.invokeStatic(main.clj:508)
	at clojure.main$null_opt.invokeStatic(main.clj:542)
	at clojure.main$null_opt.invoke(main.clj:539)
	at clojure.main$main.invokeStatic(main.clj:664)
	at clojure.main$main.doInvoke(main.clj:616)
	at clojure.lang.RestFn.applyTo(RestFn.java:137)
	at clojure.lang.Var.applyTo(Var.java:705)
	at clojure.main.main(main.java:40)
