2021-05-04 12:22:55,295 [Thread-4] INFO  finalcloj.nrepl - nREPL server stopped 
2021-05-04 12:22:55,315 [Thread-4] INFO  io.undertow - stopping server: Undertow - 2.2.7.Final 
2021-05-04 12:22:55,340 [Thread-4] INFO  luminus.http-server - HTTP server stopped 
2021-05-04 12:22:55,341 [Thread-4] INFO  finalcloj.env - 
-=[finalcloj has shut down successfully]=- 
2021-05-04 12:22:55,406 [Thread-4] INFO  finalcloj.core - #'finalcloj.core/repl-server stopped 
2021-05-04 12:22:55,407 [Thread-4] INFO  finalcloj.core - #'finalcloj.core/http-server stopped 
2021-05-04 12:22:55,407 [Thread-4] INFO  finalcloj.core - #'finalcloj.handler/init-app stopped 
2021-05-04 12:22:55,408 [Thread-4] INFO  finalcloj.core - #'finalcloj.db.core/*db* stopped 
2021-05-04 12:34:40,521 [main] INFO  finalcloj.env - 
-=[finalcloj started successfully using the development profile]=- 
2021-05-04 12:34:41,649 [main] DEBUG org.jboss.logging - Logging Provider: org.jboss.logging.Slf4jLoggerProvider 
2021-05-04 12:34:41,656 [main] INFO  io.undertow - starting server: Undertow - 2.2.7.Final 
2021-05-04 12:34:41,667 [main] INFO  org.xnio - XNIO version 3.8.0.Final 
2021-05-04 12:34:41,814 [main] INFO  org.jboss.threads - JBoss Threads version 3.1.0.Final 
2021-05-04 12:34:41,850 [main] DEBUG io.undertow - Configuring listener with protocol HTTP for interface 0.0.0.0 and port 3000 
2021-05-04 12:34:41,945 [main] INFO  luminus.http-server - server started on port 3000 
2021-05-04 12:34:41,946 [main] INFO  finalcloj.nrepl - starting nREPL server on port 7000 
2021-05-04 12:34:41,982 [main] INFO  finalcloj.core - #'finalcloj.db.core/*db* started 
2021-05-04 12:34:41,983 [main] INFO  finalcloj.core - #'finalcloj.handler/init-app started 
2021-05-04 12:34:41,983 [main] INFO  finalcloj.core - #'finalcloj.handler/app-routes started 
2021-05-04 12:34:41,983 [main] INFO  finalcloj.core - #'finalcloj.core/http-server started 
2021-05-04 12:34:41,983 [main] INFO  finalcloj.core - #'finalcloj.core/repl-server started 
2021-05-04 13:39:46,613 [main] INFO  finalcloj.env - 
-=[finalcloj started successfully using the development profile]=- 
2021-05-04 13:39:47,685 [main] DEBUG org.jboss.logging - Logging Provider: org.jboss.logging.Slf4jLoggerProvider 
2021-05-04 13:39:47,700 [main] INFO  io.undertow - starting server: Undertow - 2.2.7.Final 
2021-05-04 13:39:47,728 [main] INFO  org.xnio - XNIO version 3.8.0.Final 
2021-05-04 13:39:47,971 [main] INFO  org.jboss.threads - JBoss Threads version 3.1.0.Final 
2021-05-04 13:39:48,022 [main] DEBUG io.undertow - Configuring listener with protocol HTTP for interface 0.0.0.0 and port 3000 
2021-05-04 13:39:48,111 [main] INFO  io.undertow - stopping server: Undertow - 2.2.7.Final 
2021-05-04 13:39:48,117 [main] ERROR luminus.http-server - server failed to start on port: 3000 
java.lang.RuntimeException: java.net.BindException: Address already in use
	at io.undertow.Undertow.start(Undertow.java:254)
	at ring.adapter.undertow$run_undertow.invokeStatic(undertow.clj:163)
	at ring.adapter.undertow$run_undertow.invoke(undertow.clj:120)
	at luminus.http_server$start.invokeStatic(http_server.clj:13)
	at luminus.http_server$start.invoke(http_server.clj:11)
	at finalcloj.core$eval18236$fn__18237.invoke(core.clj:27)
	at mount.core$record_BANG_.invokeStatic(core.cljc:74)
	at mount.core$record_BANG_.invoke(core.cljc:73)
	at mount.core$up$fn__441.invoke(core.cljc:81)
	at mount.core$up.invokeStatic(core.cljc:80)
	at mount.core$up.invoke(core.cljc:78)
	at mount.core$bring.invokeStatic(core.cljc:247)
	at mount.core$bring.invoke(core.cljc:239)
	at mount.core$start.invokeStatic(core.cljc:289)
	at mount.core$start.doInvoke(core.cljc:281)
	at clojure.lang.RestFn.invoke(RestFn.java:397)
	at mount.core$start_with_args.invokeStatic(core.cljc:389)
	at mount.core$start_with_args.doInvoke(core.cljc:385)
	at clojure.lang.RestFn.invoke(RestFn.java:410)
	at finalcloj.core$start_app.invokeStatic(core.clj:52)
	at finalcloj.core$start_app.invoke(core.clj:51)
	at finalcloj.core$_main.invokeStatic(core.clj:77)
	at finalcloj.core$_main.doInvoke(core.clj:59)
	at clojure.lang.RestFn.invoke(RestFn.java:397)
	at clojure.lang.Var.invoke(Var.java:380)
	at user$eval18454.invokeStatic(form-init5906975230424699683.clj:1)
	at user$eval18454.invoke(form-init5906975230424699683.clj:1)
	at clojure.lang.Compiler.eval(Compiler.java:7181)
	at clojure.lang.Compiler.eval(Compiler.java:7171)
	at clojure.lang.Compiler.load(Compiler.java:7640)
	at clojure.lang.Compiler.loadFile(Compiler.java:7578)
	at clojure.main$load_script.invokeStatic(main.clj:475)
	at clojure.main$init_opt.invokeStatic(main.clj:477)
	at clojure.main$init_opt.invoke(main.clj:477)
	at clojure.main$initialize.invokeStatic(main.clj:508)
	at clojure.main$null_opt.invokeStatic(main.clj:542)
	at clojure.main$null_opt.invoke(main.clj:539)
	at clojure.main$main.invokeStatic(main.clj:664)
	at clojure.main$main.doInvoke(main.clj:616)
	at clojure.lang.RestFn.applyTo(RestFn.java:137)
	at clojure.lang.Var.applyTo(Var.java:705)
	at clojure.main.main(main.java:40)
Caused by: java.net.BindException: Address already in use
	at sun.nio.ch.Net.bind0(Native Method)
	at sun.nio.ch.Net.bind(Net.java:438)
	at sun.nio.ch.Net.bind(Net.java:430)
	at sun.nio.ch.ServerSocketChannelImpl.bind(ServerSocketChannelImpl.java:225)
	at sun.nio.ch.ServerSocketAdaptor.bind(ServerSocketAdaptor.java:74)
	at org.xnio.nio.NioXnioWorker.createTcpConnectionServer(NioXnioWorker.java:178)
	at org.xnio.XnioWorker.createStreamConnectionServer(XnioWorker.java:310)
	at io.undertow.Undertow.start(Undertow.java:196)
	... 41 common frames omitted
2021-05-04 13:39:48,124 [main] INFO  finalcloj.nrepl - starting nREPL server on port 7000 
2021-05-04 13:39:48,128 [main] ERROR finalcloj.nrepl - failed to start nREPL 
java.net.BindException: Address already in use (Bind failed)
	at java.net.PlainSocketImpl.socketBind(Native Method)
	at java.net.AbstractPlainSocketImpl.bind(AbstractPlainSocketImpl.java:513)
	at java.net.ServerSocket.bind(ServerSocket.java:375)
	at java.net.ServerSocket.bind(ServerSocket.java:329)
	at nrepl.server$start_server.invokeStatic(server.clj:169)
	at nrepl.server$start_server.doInvoke(server.clj:136)
	at clojure.lang.RestFn.invoke(RestFn.java:1096)
	at finalcloj.nrepl$start.invokeStatic(nrepl.clj:14)
	at finalcloj.nrepl$start.invoke(nrepl.clj:6)
	at finalcloj.core$eval18252$fn__18253.invoke(core.clj:39)
	at mount.core$record_BANG_.invokeStatic(core.cljc:74)
	at mount.core$record_BANG_.invoke(core.cljc:73)
	at mount.core$up$fn__441.invoke(core.cljc:81)
	at mount.core$up.invokeStatic(core.cljc:80)
	at mount.core$up.invoke(core.cljc:78)
	at mount.core$bring.invokeStatic(core.cljc:247)
	at mount.core$bring.invoke(core.cljc:239)
	at mount.core$start.invokeStatic(core.cljc:289)
	at mount.core$start.doInvoke(core.cljc:281)
	at clojure.lang.RestFn.invoke(RestFn.java:397)
	at mount.core$start_with_args.invokeStatic(core.cljc:389)
	at mount.core$start_with_args.doInvoke(core.cljc:385)
	at clojure.lang.RestFn.invoke(RestFn.java:410)
	at finalcloj.core$start_app.invokeStatic(core.clj:52)
	at finalcloj.core$start_app.invoke(core.clj:51)
	at finalcloj.core$_main.invokeStatic(core.clj:77)
	at finalcloj.core$_main.doInvoke(core.clj:59)
	at clojure.lang.RestFn.invoke(RestFn.java:397)
	at clojure.lang.Var.invoke(Var.java:380)
	at user$eval18454.invokeStatic(form-init5906975230424699683.clj:1)
	at user$eval18454.invoke(form-init5906975230424699683.clj:1)
	at clojure.lang.Compiler.eval(Compiler.java:7181)
	at clojure.lang.Compiler.eval(Compiler.java:7171)
	at clojure.lang.Compiler.load(Compiler.java:7640)
	at clojure.lang.Compiler.loadFile(Compiler.java:7578)
	at clojure.main$load_script.invokeStatic(main.clj:475)
	at clojure.main$init_opt.invokeStatic(main.clj:477)
	at clojure.main$init_opt.invoke(main.clj:477)
	at clojure.main$initialize.invokeStatic(main.clj:508)
	at clojure.main$null_opt.invokeStatic(main.clj:542)
	at clojure.main$null_opt.invoke(main.clj:539)
	at clojure.main$main.invokeStatic(main.clj:664)
	at clojure.main$main.doInvoke(main.clj:616)
	at clojure.lang.RestFn.applyTo(RestFn.java:137)
	at clojure.lang.Var.applyTo(Var.java:705)
	at clojure.main.main(main.java:40)
2021-05-04 13:40:04,030 [Thread-4] INFO  finalcloj.nrepl - nREPL server stopped 
2021-05-04 13:40:04,044 [Thread-4] INFO  io.undertow - stopping server: Undertow - 2.2.7.Final 
2021-05-04 13:40:04,060 [Thread-4] INFO  luminus.http-server - HTTP server stopped 
2021-05-04 13:40:04,065 [Thread-4] INFO  finalcloj.env - 
-=[finalcloj has shut down successfully]=- 
2021-05-04 13:40:04,126 [Thread-4] INFO  finalcloj.core - #'finalcloj.core/repl-server stopped 
2021-05-04 13:40:04,127 [Thread-4] INFO  finalcloj.core - #'finalcloj.core/http-server stopped 
2021-05-04 13:40:04,127 [Thread-4] INFO  finalcloj.core - #'finalcloj.handler/init-app stopped 
2021-05-04 13:40:04,127 [Thread-4] INFO  finalcloj.core - #'finalcloj.db.core/*db* stopped 
2021-05-04 13:40:33,301 [main] INFO  finalcloj.env - 
-=[finalcloj started successfully using the development profile]=- 
2021-05-04 13:40:34,158 [main] DEBUG org.jboss.logging - Logging Provider: org.jboss.logging.Slf4jLoggerProvider 
2021-05-04 13:40:34,166 [main] INFO  io.undertow - starting server: Undertow - 2.2.7.Final 
2021-05-04 13:40:34,183 [main] INFO  org.xnio - XNIO version 3.8.0.Final 
2021-05-04 13:40:34,369 [main] INFO  org.jboss.threads - JBoss Threads version 3.1.0.Final 
2021-05-04 13:40:34,407 [main] DEBUG io.undertow - Configuring listener with protocol HTTP for interface 0.0.0.0 and port 3000 
2021-05-04 13:40:34,488 [main] INFO  luminus.http-server - server started on port 3000 
2021-05-04 13:40:34,489 [main] INFO  finalcloj.nrepl - starting nREPL server on port 7000 
2021-05-04 13:40:34,539 [main] INFO  finalcloj.core - #'finalcloj.db.core/*db* started 
2021-05-04 13:40:34,541 [main] INFO  finalcloj.core - #'finalcloj.handler/init-app started 
2021-05-04 13:40:34,543 [main] INFO  finalcloj.core - #'finalcloj.handler/app-routes started 
2021-05-04 13:40:34,543 [main] INFO  finalcloj.core - #'finalcloj.core/http-server started 
2021-05-04 13:40:34,544 [main] INFO  finalcloj.core - #'finalcloj.core/repl-server started 
2021-05-04 13:44:49,717 [Thread-4] INFO  finalcloj.nrepl - nREPL server stopped 
2021-05-04 13:44:49,722 [Thread-4] INFO  io.undertow - stopping server: Undertow - 2.2.7.Final 
2021-05-04 13:44:49,741 [Thread-4] INFO  luminus.http-server - HTTP server stopped 
2021-05-04 13:44:49,743 [Thread-4] INFO  finalcloj.env - 
-=[finalcloj has shut down successfully]=- 
2021-05-04 13:44:49,780 [Thread-4] INFO  finalcloj.core - #'finalcloj.core/repl-server stopped 
2021-05-04 13:44:49,780 [Thread-4] INFO  finalcloj.core - #'finalcloj.core/http-server stopped 
2021-05-04 13:44:49,781 [Thread-4] INFO  finalcloj.core - #'finalcloj.handler/init-app stopped 
2021-05-04 13:44:49,781 [Thread-4] INFO  finalcloj.core - #'finalcloj.db.core/*db* stopped 
2021-05-04 13:46:19,062 [main] INFO  finalcloj.env - 
-=[finalcloj started successfully using the development profile]=- 
2021-05-04 13:46:19,952 [main] DEBUG org.jboss.logging - Logging Provider: org.jboss.logging.Slf4jLoggerProvider 
2021-05-04 13:46:19,961 [main] INFO  io.undertow - starting server: Undertow - 2.2.7.Final 
2021-05-04 13:46:19,971 [main] INFO  org.xnio - XNIO version 3.8.0.Final 
2021-05-04 13:46:20,084 [main] INFO  org.jboss.threads - JBoss Threads version 3.1.0.Final 
2021-05-04 13:46:20,097 [main] DEBUG io.undertow - Configuring listener with protocol HTTP for interface 0.0.0.0 and port 3000 
2021-05-04 13:46:20,144 [main] INFO  luminus.http-server - server started on port 3000 
2021-05-04 13:46:20,145 [main] INFO  finalcloj.nrepl - starting nREPL server on port 7000 
2021-05-04 13:46:20,193 [main] INFO  finalcloj.core - #'finalcloj.db.core/*db* started 
2021-05-04 13:46:20,194 [main] INFO  finalcloj.core - #'finalcloj.handler/init-app started 
2021-05-04 13:46:20,194 [main] INFO  finalcloj.core - #'finalcloj.handler/app-routes started 
2021-05-04 13:46:20,194 [main] INFO  finalcloj.core - #'finalcloj.core/http-server started 
2021-05-04 13:46:20,194 [main] INFO  finalcloj.core - #'finalcloj.core/repl-server started 
