2021-05-11 09:57:18,124 [Thread-4] INFO  finalcloj.nrepl - nREPL server stopped 
2021-05-11 09:57:18,186 [Thread-4] INFO  io.undertow - stopping server: Undertow - 2.2.7.Final 
2021-05-11 09:57:18,341 [Thread-4] INFO  luminus.http-server - HTTP server stopped 
2021-05-11 09:57:18,341 [Thread-4] INFO  finalcloj.env - 
-=[finalcloj has shut down successfully]=- 
2021-05-11 09:57:18,387 [Thread-4] INFO  finalcloj.core - #'finalcloj.core/repl-server stopped 
2021-05-11 09:57:18,388 [Thread-4] INFO  finalcloj.core - #'finalcloj.core/http-server stopped 
2021-05-11 09:57:18,388 [Thread-4] INFO  finalcloj.core - #'finalcloj.handler/init-app stopped 
2021-05-11 09:57:18,388 [Thread-4] INFO  finalcloj.core - #'finalcloj.db.core/*db* stopped 
2021-05-11 22:09:03,001 [main] INFO  finalcloj.env - 
-=[finalcloj started successfully using the development profile]=- 
2021-05-11 22:09:03,873 [main] DEBUG org.jboss.logging - Logging Provider: org.jboss.logging.Slf4jLoggerProvider 
2021-05-11 22:09:03,889 [main] INFO  io.undertow - starting server: Undertow - 2.2.7.Final 
2021-05-11 22:09:03,920 [main] INFO  org.xnio - XNIO version 3.8.0.Final 
2021-05-11 22:09:04,141 [main] INFO  org.jboss.threads - JBoss Threads version 3.1.0.Final 
2021-05-11 22:09:04,194 [main] DEBUG io.undertow - Configuring listener with protocol HTTP for interface 0.0.0.0 and port 3000 
2021-05-11 22:09:04,304 [main] INFO  luminus.http-server - server started on port 3000 
2021-05-11 22:09:04,305 [main] INFO  finalcloj.nrepl - starting nREPL server on port 7000 
2021-05-11 22:09:04,358 [main] INFO  finalcloj.core - #'finalcloj.db.core/*db* started 
2021-05-11 22:09:04,360 [main] INFO  finalcloj.core - #'finalcloj.handler/init-app started 
2021-05-11 22:09:04,361 [main] INFO  finalcloj.core - #'finalcloj.handler/app-routes started 
2021-05-11 22:09:04,361 [main] INFO  finalcloj.core - #'finalcloj.core/http-server started 
2021-05-11 22:09:04,361 [main] INFO  finalcloj.core - #'finalcloj.core/repl-server started 
